[debug] [2023-06-14T19:28:00.995Z] ----------------------------------------------------------------------
[debug] [2023-06-14T19:28:00.996Z] Command:       C:\Program Files\nodejs\node.exe C:\Users\thaua\AppData\Roaming\npm\node_modules\firebase-tools\lib\bin\firebase.js init hosting
[debug] [2023-06-14T19:28:00.997Z] CLI Version:   12.3.1
[debug] [2023-06-14T19:28:00.997Z] Platform:      win32
[debug] [2023-06-14T19:28:00.997Z] Node Version:  v18.16.0
[debug] [2023-06-14T19:28:00.999Z] Time:          Wed Jun 14 2023 16:28:00 GMT-0300 (Horário Padrão de Brasília)
[debug] [2023-06-14T19:28:00.999Z] ----------------------------------------------------------------------
[debug] 
[debug] [2023-06-14T19:28:01.007Z] > command requires scopes: ["email","openid","https://www.googleapis.com/auth/cloudplatformprojects.readonly","https://www.googleapis.com/auth/firebase","https://www.googleapis.com/auth/cloud-platform"]
[debug] [2023-06-14T19:28:01.008Z] > authorizing via signed-in user (thziin123@gmail.com)
[info] 
     ######## #### ########  ######## ########     ###     ######  ########
     ##        ##  ##     ## ##       ##     ##  ##   ##  ##       ##
     ######    ##  ########  ######   ########  #########  ######  ######
     ##        ##  ##    ##  ##       ##     ## ##     ##       ## ##
     ##       #### ##     ## ######## ########  ##     ##  ######  ########

You're about to initialize a Firebase project in this directory:

  C:\Users\thaua\Documents\Projeto-Faculdade\Projeto

[info] 
=== Project Setup
[info] 
[info] First, let's associate this project directory with a Firebase project.
[info] You can create multiple project aliases by running firebase use --add, 
[info] but for now we'll just set up a default project.
[info] 
[debug] [2023-06-14T19:28:10.742Z] > refreshing access token with scopes: []
[debug] [2023-06-14T19:28:10.744Z] >>> [apiv2][query] POST https://www.googleapis.com/oauth2/v3/token [none]
[debug] [2023-06-14T19:28:10.744Z] >>> [apiv2][body] POST https://www.googleapis.com/oauth2/v3/token [omitted]
[debug] [2023-06-14T19:28:11.027Z] <<< [apiv2][status] POST https://www.googleapis.com/oauth2/v3/token 200
[debug] [2023-06-14T19:28:11.028Z] <<< [apiv2][body] POST https://www.googleapis.com/oauth2/v3/token [omitted]
[debug] [2023-06-14T19:28:11.288Z] >>> [apiv2][query] GET https://firebase.googleapis.com/v1beta1/projects pageSize=100
[debug] [2023-06-14T19:28:12.361Z] <<< [apiv2][status] GET https://firebase.googleapis.com/v1beta1/projects 200
[debug] [2023-06-14T19:28:12.362Z] <<< [apiv2][body] GET https://firebase.googleapis.com/v1beta1/projects [omitted]
[info] i  Using project projeto-th-c0b8e (projeto th) 
[info] 
=== Hosting Setup
[info] 
[info] Your public directory is the folder (relative to your project directory) that
[info] will contain Hosting assets to be uploaded with firebase deploy. If you
[info] have a build process for your assets, use your build's output directory.
[info] 
[info] +  Wrote public/404.html 
[debug] [2023-06-14T19:28:34.077Z] >>> [apiv2][query] GET https://www.gstatic.com/firebasejs/releases.json [none]
[debug] [2023-06-14T19:28:34.212Z] <<< [apiv2][status] GET https://www.gstatic.com/firebasejs/releases.json 200
[debug] [2023-06-14T19:28:34.212Z] <<< [apiv2][body] GET https://www.gstatic.com/firebasejs/releases.json {"current":{"version":"9.22.2","browserURL":"https://www.gstatic.com/firebasejs/9.22.2/firebase.js","packageURL":"https://www.gstatic.com/firebasejs/9.22.2/firebase.tgz"},"live":{"version":"9.22","browserURL":"https://www.gstatic.com/firebasejs/live/9.22/firebase.js","packageURL":"https://www.gstatic.com/firebasejs/live/9.22/firebase.tgz"},"components":{"analytics":"https://www.gstatic.com/firebasejs/9.22.2/firebase-analytics.js","app":"https://www.gstatic.com/firebasejs/9.22.2/firebase-app.js","app-check":"https://www.gstatic.com/firebasejs/9.22.2/firebase-app-check.js","auth":"https://www.gstatic.com/firebasejs/9.22.2/firebase-auth.js","auth/cordova":"https://www.gstatic.com/firebasejs/9.22.2/firebase-auth/cordova.js","auth/react-native":"https://www.gstatic.com/firebasejs/9.22.2/firebase-auth/react-native.js","functions":"https://www.gstatic.com/firebasejs/9.22.2/firebase-functions.js","firestore":"https://www.gstatic.com/firebasejs/9.22.2/firebase-firestore.js","firestore/lite":"https://www.gstatic.com/firebasejs/9.22.2/firebase-firestore/lite.js","installations":"https://www.gstatic.com/firebasejs/9.22.2/firebase-installations.js","storage":"https://www.gstatic.com/firebasejs/9.22.2/firebase-storage.js","performance":"https://www.gstatic.com/firebasejs/9.22.2/firebase-performance.js","remote-config":"https://www.gstatic.com/firebasejs/9.22.2/firebase-remote-config.js","messaging":"https://www.gstatic.com/firebasejs/9.22.2/firebase-messaging.js","messaging/sw":"https://www.gstatic.com/firebasejs/9.22.2/firebase-messaging/sw.js","database":"https://www.gstatic.com/firebasejs/9.22.2/firebase-database.js","firestore.memory":"https://www.gstatic.com/firebasejs/9.22.2/firebase-firestore.memory.js"}}
[info] +  Wrote public/index.html 
[info] 
[info] i  Detected a .git folder at C:\Users\thaua\Documents\Projeto-Faculdade 
[info] i  Authorizing with GitHub to upload your service account to a GitHub repository's secrets store. 
[info] 
[info] Visit this URL on this device to log in:
[info] https://github.com/login/oauth/authorize?client_id=89cf50f02ac6aaed3484&state=297411028&redirect_uri=http%3A%2F%2Flocalhost%3A9005&scope=read%3Auser%20repo%20public_repo
[info] 
[info] Waiting for authentication...
[debug] [2023-06-14T19:29:09.293Z] >>> [apiv2][query] POST https://github.com/login/oauth/access_token [none]
[debug] [2023-06-14T19:29:09.293Z] >>> [apiv2][body] POST https://github.com/login/oauth/access_token [stream]
[debug] [2023-06-14T19:29:09.601Z] <<< [apiv2][status] POST https://github.com/login/oauth/access_token 200
[debug] [2023-06-14T19:29:09.602Z] <<< [apiv2][body] POST https://github.com/login/oauth/access_token {"access_token":"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","token_type":"bearer","scope":"read:user,repo"}
[debug] [2023-06-14T19:29:09.614Z] >>> [apiv2][query] GET https://api.github.com/user [none]
[debug] [2023-06-14T19:29:09.937Z] <<< [apiv2][status] GET https://api.github.com/user 200
[debug] [2023-06-14T19:29:09.937Z] <<< [apiv2][body] GET https://api.github.com/user {"login":"ThzxD1","id":90215691,"node_id":"MDQ6VXNlcjkwMjE1Njkx","avatar_url":"https://avatars.githubusercontent.com/u/90215691?v=4","gravatar_id":"","url":"https://api.github.com/users/ThzxD1","html_url":"https://github.com/ThzxD1","followers_url":"https://api.github.com/users/ThzxD1/followers","following_url":"https://api.github.com/users/ThzxD1/following{/other_user}","gists_url":"https://api.github.com/users/ThzxD1/gists{/gist_id}","starred_url":"https://api.github.com/users/ThzxD1/starred{/owner}{/repo}","subscriptions_url":"https://api.github.com/users/ThzxD1/subscriptions","organizations_url":"https://api.github.com/users/ThzxD1/orgs","repos_url":"https://api.github.com/users/ThzxD1/repos","events_url":"https://api.github.com/users/ThzxD1/events{/privacy}","received_events_url":"https://api.github.com/users/ThzxD1/received_events","type":"User","site_admin":false,"name":"Thauã Tomaz","company":null,"blog":"","location":"Rio de Janeiro, Brazil","email":null,"hireable":null,"bio":"A Systems Analysis and Development student who likes to apply his knowledge to make creative solutions to different types of problems!","twitter_username":null,"public_repos":2,"public_gists":0,"followers":1,"following":0,"created_at":"2021-09-06T18:49:52Z","updated_at":"2023-06-12T14:21:53Z","private_gists":0,"total_private_repos":2,"owned_private_repos":2,"disk_usage":27626,"collaborators":0,"two_factor_authentication":false,"plan":{"name":"free","space":976562499,"collaborators":0,"private_repos":10000}}
[info] 
[info] +  Success! Logged into GitHub as ThzxD1 
[info] 
